{"/Users/lady/rpp29/SDCMySQL/database/config.js": {"path":"/Users/lady/rpp29/SDCMySQL/database/config.js","statementMap":{"0":{"start":{"line":1,"column":0},"end":{"line":5,"column":1}}},"fnMap":{},"branchMap":{},"s":{"0":1},"f":{},"b":{},"_coverageSchema":"1a1c01bbd47fc00a2c39e90264f33305004495a9","hash":"6a801bfc2595f3c6bee4e041af42a4d7cad7461a"}
,"/Users/lady/rpp29/SDCMySQL/database/index.js": {"path":"/Users/lady/rpp29/SDCMySQL/database/index.js","statementMap":{"0":{"start":{"line":1,"column":14},"end":{"line":1,"column":30}},"1":{"start":{"line":2,"column":20},"end":{"line":2,"column":42}},"2":{"start":{"line":5,"column":11},"end":{"line":9,"column":2}},"3":{"start":{"line":13,"column":2},"end":{"line":20,"column":3}},"4":{"start":{"line":14,"column":4},"end":{"line":16,"column":5}},"5":{"start":{"line":15,"column":6},"end":{"line":15,"column":41}},"6":{"start":{"line":22,"column":0},"end":{"line":22,"column":20}}},"fnMap":{"0":{"name":"(anonymous_0)","decl":{"start":{"line":13,"column":13},"end":{"line":13,"column":14}},"loc":{"start":{"line":13,"column":22},"end":{"line":20,"column":1}},"line":13}},"branchMap":{"0":{"loc":{"start":{"line":14,"column":4},"end":{"line":16,"column":5}},"type":"if","locations":[{"start":{"line":14,"column":4},"end":{"line":16,"column":5}},{"start":{"line":14,"column":4},"end":{"line":16,"column":5}}],"line":14}},"s":{"0":1,"1":1,"2":1,"3":1,"4":1,"5":0,"6":1},"f":{"0":1},"b":{"0":[0,1]},"_coverageSchema":"1a1c01bbd47fc00a2c39e90264f33305004495a9","hash":"cca0fe7d84816b8031a0cb933f16c8f73a8e3be5"}
,"/Users/lady/rpp29/SDCMySQL/server/server.js": {"path":"/Users/lady/rpp29/SDCMySQL/server/server.js","statementMap":{"0":{"start":{"line":1,"column":21},"end":{"line":1,"column":39}},"1":{"start":{"line":2,"column":16},"end":{"line":2,"column":34}},"2":{"start":{"line":3,"column":11},"end":{"line":3,"column":42}},"3":{"start":{"line":4,"column":12},"end":{"line":4,"column":21}},"4":{"start":{"line":6,"column":0},"end":{"line":6,"column":24}},"5":{"start":{"line":7,"column":0},"end":{"line":7,"column":48}},"6":{"start":{"line":8,"column":13},"end":{"line":8,"column":17}},"7":{"start":{"line":13,"column":0},"end":{"line":15,"column":2}},"8":{"start":{"line":14,"column":2},"end":{"line":14,"column":49}},"9":{"start":{"line":18,"column":0},"end":{"line":42,"column":2}},"10":{"start":{"line":19,"column":18},"end":{"line":19,"column":20}},"11":{"start":{"line":20,"column":16},"end":{"line":27,"column":41}},"12":{"start":{"line":30,"column":2},"end":{"line":41,"column":4}},"13":{"start":{"line":31,"column":4},"end":{"line":33,"column":5}},"14":{"start":{"line":32,"column":6},"end":{"line":32,"column":37}},"15":{"start":{"line":34,"column":4},"end":{"line":40,"column":5}},"16":{"start":{"line":35,"column":6},"end":{"line":35,"column":36}},"17":{"start":{"line":37,"column":6},"end":{"line":37,"column":27}},"18":{"start":{"line":39,"column":6},"end":{"line":39,"column":54}},"19":{"start":{"line":46,"column":0},"end":{"line":57,"column":3}},"20":{"start":{"line":47,"column":21},"end":{"line":47,"column":45}},"21":{"start":{"line":48,"column":16},"end":{"line":48,"column":83}},"22":{"start":{"line":49,"column":2},"end":{"line":56,"column":5}},"23":{"start":{"line":50,"column":4},"end":{"line":55,"column":5}},"24":{"start":{"line":51,"column":6},"end":{"line":51,"column":33}},"25":{"start":{"line":52,"column":6},"end":{"line":52,"column":57}},"26":{"start":{"line":54,"column":6},"end":{"line":54,"column":33}},"27":{"start":{"line":60,"column":0},"end":{"line":71,"column":3}},"28":{"start":{"line":61,"column":19},"end":{"line":61,"column":41}},"29":{"start":{"line":62,"column":16},"end":{"line":62,"column":79}},"30":{"start":{"line":63,"column":2},"end":{"line":70,"column":5}},"31":{"start":{"line":64,"column":4},"end":{"line":69,"column":5}},"32":{"start":{"line":65,"column":6},"end":{"line":65,"column":36}},"33":{"start":{"line":66,"column":6},"end":{"line":66,"column":55}},"34":{"start":{"line":68,"column":6},"end":{"line":68,"column":30}},"35":{"start":{"line":74,"column":0},"end":{"line":85,"column":3}},"36":{"start":{"line":75,"column":21},"end":{"line":75,"column":45}},"37":{"start":{"line":76,"column":16},"end":{"line":76,"column":76}},"38":{"start":{"line":77,"column":2},"end":{"line":84,"column":5}},"39":{"start":{"line":78,"column":4},"end":{"line":83,"column":5}},"40":{"start":{"line":79,"column":6},"end":{"line":79,"column":33}},"41":{"start":{"line":80,"column":6},"end":{"line":80,"column":59}},"42":{"start":{"line":82,"column":6},"end":{"line":82,"column":36}},"43":{"start":{"line":88,"column":0},"end":{"line":99,"column":3}},"44":{"start":{"line":89,"column":19},"end":{"line":89,"column":41}},"45":{"start":{"line":90,"column":16},"end":{"line":90,"column":72}},"46":{"start":{"line":91,"column":2},"end":{"line":98,"column":5}},"47":{"start":{"line":92,"column":4},"end":{"line":97,"column":5}},"48":{"start":{"line":93,"column":6},"end":{"line":93,"column":33}},"49":{"start":{"line":94,"column":6},"end":{"line":94,"column":57}},"50":{"start":{"line":96,"column":6},"end":{"line":96,"column":34}},"51":{"start":{"line":102,"column":0},"end":{"line":119,"column":3}},"52":{"start":{"line":103,"column":15},"end":{"line":103,"column":23}},"53":{"start":{"line":104,"column":20},"end":{"line":104,"column":42}},"54":{"start":{"line":106,"column":16},"end":{"line":108,"column":3}},"55":{"start":{"line":110,"column":2},"end":{"line":117,"column":4}},"56":{"start":{"line":111,"column":4},"end":{"line":116,"column":5}},"57":{"start":{"line":112,"column":6},"end":{"line":112,"column":40}},"58":{"start":{"line":113,"column":6},"end":{"line":113,"column":60}},"59":{"start":{"line":115,"column":6},"end":{"line":115,"column":36}},"60":{"start":{"line":122,"column":0},"end":{"line":143,"column":3}},"61":{"start":{"line":123,"column":15},"end":{"line":123,"column":23}},"62":{"start":{"line":124,"column":21},"end":{"line":124,"column":44}},"63":{"start":{"line":125,"column":16},"end":{"line":126,"column":117}},"64":{"start":{"line":128,"column":15},"end":{"line":128,"column":39}},"65":{"start":{"line":129,"column":2},"end":{"line":137,"column":4}},"66":{"start":{"line":130,"column":4},"end":{"line":136,"column":5}},"67":{"start":{"line":131,"column":6},"end":{"line":131,"column":39}},"68":{"start":{"line":132,"column":6},"end":{"line":132,"column":58}},"69":{"start":{"line":134,"column":6},"end":{"line":134,"column":37}},"70":{"start":{"line":135,"column":6},"end":{"line":135,"column":35}},"71":{"start":{"line":139,"column":2},"end":{"line":142,"column":7}},"72":{"start":{"line":140,"column":4},"end":{"line":140,"column":24}},"73":{"start":{"line":141,"column":4},"end":{"line":141,"column":93}},"74":{"start":{"line":146,"column":0},"end":{"line":148,"column":2}},"75":{"start":{"line":147,"column":2},"end":{"line":147,"column":30}},"76":{"start":{"line":155,"column":0},"end":{"line":155,"column":21}}},"fnMap":{"0":{"name":"(anonymous_0)","decl":{"start":{"line":13,"column":13},"end":{"line":13,"column":14}},"loc":{"start":{"line":13,"column":33},"end":{"line":15,"column":1}},"line":13},"1":{"name":"(anonymous_1)","decl":{"start":{"line":18,"column":25},"end":{"line":18,"column":26}},"loc":{"start":{"line":18,"column":39},"end":{"line":42,"column":1}},"line":18},"2":{"name":"(anonymous_2)","decl":{"start":{"line":30,"column":65},"end":{"line":30,"column":66}},"loc":{"start":{"line":30,"column":85},"end":{"line":41,"column":3}},"line":30},"3":{"name":"(anonymous_3)","decl":{"start":{"line":46,"column":25},"end":{"line":46,"column":26}},"loc":{"start":{"line":46,"column":39},"end":{"line":57,"column":1}},"line":46},"4":{"name":"(anonymous_4)","decl":{"start":{"line":49,"column":18},"end":{"line":49,"column":19}},"loc":{"start":{"line":49,"column":36},"end":{"line":56,"column":3}},"line":49},"5":{"name":"(anonymous_5)","decl":{"start":{"line":60,"column":23},"end":{"line":60,"column":24}},"loc":{"start":{"line":60,"column":37},"end":{"line":71,"column":1}},"line":60},"6":{"name":"(anonymous_6)","decl":{"start":{"line":63,"column":18},"end":{"line":63,"column":19}},"loc":{"start":{"line":63,"column":36},"end":{"line":70,"column":3}},"line":63},"7":{"name":"(anonymous_7)","decl":{"start":{"line":74,"column":27},"end":{"line":74,"column":28}},"loc":{"start":{"line":74,"column":41},"end":{"line":85,"column":1}},"line":74},"8":{"name":"(anonymous_8)","decl":{"start":{"line":77,"column":18},"end":{"line":77,"column":19}},"loc":{"start":{"line":77,"column":36},"end":{"line":84,"column":3}},"line":77},"9":{"name":"(anonymous_9)","decl":{"start":{"line":88,"column":25},"end":{"line":88,"column":26}},"loc":{"start":{"line":88,"column":39},"end":{"line":99,"column":1}},"line":88},"10":{"name":"(anonymous_10)","decl":{"start":{"line":91,"column":18},"end":{"line":91,"column":19}},"loc":{"start":{"line":91,"column":36},"end":{"line":98,"column":3}},"line":91},"11":{"name":"(anonymous_11)","decl":{"start":{"line":102,"column":28},"end":{"line":102,"column":29}},"loc":{"start":{"line":102,"column":42},"end":{"line":119,"column":1}},"line":102},"12":{"name":"(anonymous_12)","decl":{"start":{"line":110,"column":18},"end":{"line":110,"column":19}},"loc":{"start":{"line":110,"column":36},"end":{"line":117,"column":3}},"line":110},"13":{"name":"(anonymous_13)","decl":{"start":{"line":122,"column":26},"end":{"line":122,"column":27}},"loc":{"start":{"line":122,"column":40},"end":{"line":143,"column":1}},"line":122},"14":{"name":"(anonymous_14)","decl":{"start":{"line":129,"column":18},"end":{"line":129,"column":19}},"loc":{"start":{"line":129,"column":36},"end":{"line":137,"column":3}},"line":129},"15":{"name":"(anonymous_15)","decl":{"start":{"line":139,"column":13},"end":{"line":139,"column":14}},"loc":{"start":{"line":139,"column":19},"end":{"line":142,"column":3}},"line":139},"16":{"name":"(anonymous_16)","decl":{"start":{"line":146,"column":17},"end":{"line":146,"column":18}},"loc":{"start":{"line":146,"column":37},"end":{"line":148,"column":1}},"line":146}},"branchMap":{"0":{"loc":{"start":{"line":31,"column":4},"end":{"line":33,"column":5}},"type":"if","locations":[{"start":{"line":31,"column":4},"end":{"line":33,"column":5}},{"start":{"line":31,"column":4},"end":{"line":33,"column":5}}],"line":31},"1":{"loc":{"start":{"line":34,"column":4},"end":{"line":40,"column":5}},"type":"if","locations":[{"start":{"line":34,"column":4},"end":{"line":40,"column":5}},{"start":{"line":34,"column":4},"end":{"line":40,"column":5}}],"line":34},"2":{"loc":{"start":{"line":50,"column":4},"end":{"line":55,"column":5}},"type":"if","locations":[{"start":{"line":50,"column":4},"end":{"line":55,"column":5}},{"start":{"line":50,"column":4},"end":{"line":55,"column":5}}],"line":50},"3":{"loc":{"start":{"line":64,"column":4},"end":{"line":69,"column":5}},"type":"if","locations":[{"start":{"line":64,"column":4},"end":{"line":69,"column":5}},{"start":{"line":64,"column":4},"end":{"line":69,"column":5}}],"line":64},"4":{"loc":{"start":{"line":78,"column":4},"end":{"line":83,"column":5}},"type":"if","locations":[{"start":{"line":78,"column":4},"end":{"line":83,"column":5}},{"start":{"line":78,"column":4},"end":{"line":83,"column":5}}],"line":78},"5":{"loc":{"start":{"line":92,"column":4},"end":{"line":97,"column":5}},"type":"if","locations":[{"start":{"line":92,"column":4},"end":{"line":97,"column":5}},{"start":{"line":92,"column":4},"end":{"line":97,"column":5}}],"line":92},"6":{"loc":{"start":{"line":111,"column":4},"end":{"line":116,"column":5}},"type":"if","locations":[{"start":{"line":111,"column":4},"end":{"line":116,"column":5}},{"start":{"line":111,"column":4},"end":{"line":116,"column":5}}],"line":111},"7":{"loc":{"start":{"line":130,"column":4},"end":{"line":136,"column":5}},"type":"if","locations":[{"start":{"line":130,"column":4},"end":{"line":136,"column":5}},{"start":{"line":130,"column":4},"end":{"line":136,"column":5}}],"line":130}},"s":{"0":1,"1":1,"2":1,"3":1,"4":1,"5":1,"6":1,"7":1,"8":0,"9":1,"10":0,"11":0,"12":0,"13":0,"14":0,"15":0,"16":0,"17":0,"18":0,"19":1,"20":2,"21":2,"22":2,"23":2,"24":1,"25":1,"26":1,"27":1,"28":2,"29":2,"30":2,"31":2,"32":1,"33":1,"34":1,"35":1,"36":2,"37":2,"38":2,"39":2,"40":1,"41":1,"42":1,"43":1,"44":2,"45":2,"46":2,"47":2,"48":1,"49":1,"50":1,"51":1,"52":2,"53":2,"54":2,"55":2,"56":2,"57":1,"58":1,"59":1,"60":1,"61":2,"62":2,"63":2,"64":2,"65":0,"66":0,"67":0,"68":0,"69":0,"70":0,"71":0,"72":0,"73":0,"74":1,"75":1,"76":1},"f":{"0":0,"1":0,"2":0,"3":2,"4":2,"5":2,"6":2,"7":2,"8":2,"9":2,"10":2,"11":2,"12":2,"13":2,"14":0,"15":0,"16":1},"b":{"0":[0,0],"1":[0,0],"2":[1,1],"3":[1,1],"4":[1,1],"5":[1,1],"6":[1,1],"7":[0,0]},"_coverageSchema":"1a1c01bbd47fc00a2c39e90264f33305004495a9","hash":"07ae42e0415facd6af99acc5e8306afae8cba1aa"}
}
