TN:
SF:database/config.js
FNF:0
FNH:0
DA:1,1
LF:1
LH:1
BRF:0
BRH:0
end_of_record
TN:
SF:database/index.js
FN:13,(anonymous_0)
FNF:1
FNH:1
FNDA:1,(anonymous_0)
DA:1,1
DA:2,1
DA:5,1
DA:13,1
DA:14,1
DA:15,0
DA:22,1
LF:7
LH:6
BRDA:14,0,0,0
BRDA:14,0,1,1
BRF:2
BRH:1
end_of_record
TN:
SF:server/server.js
FN:13,(anonymous_0)
FN:18,(anonymous_1)
FN:30,(anonymous_2)
FN:46,(anonymous_3)
FN:49,(anonymous_4)
FN:60,(anonymous_5)
FN:63,(anonymous_6)
FN:74,(anonymous_7)
FN:77,(anonymous_8)
FN:88,(anonymous_9)
FN:91,(anonymous_10)
FN:102,(anonymous_11)
FN:110,(anonymous_12)
FN:122,(anonymous_13)
FN:129,(anonymous_14)
FN:139,(anonymous_15)
FN:146,(anonymous_16)
FNF:17
FNH:12
FNDA:0,(anonymous_0)
FNDA:0,(anonymous_1)
FNDA:0,(anonymous_2)
FNDA:2,(anonymous_3)
FNDA:2,(anonymous_4)
FNDA:2,(anonymous_5)
FNDA:2,(anonymous_6)
FNDA:2,(anonymous_7)
FNDA:2,(anonymous_8)
FNDA:2,(anonymous_9)
FNDA:2,(anonymous_10)
FNDA:2,(anonymous_11)
FNDA:2,(anonymous_12)
FNDA:2,(anonymous_13)
FNDA:0,(anonymous_14)
FNDA:0,(anonymous_15)
FNDA:1,(anonymous_16)
DA:1,1
DA:2,1
DA:3,1
DA:4,1
DA:6,1
DA:7,1
DA:8,1
DA:13,1
DA:14,0
DA:18,1
DA:19,0
DA:20,0
DA:30,0
DA:31,0
DA:32,0
DA:34,0
DA:35,0
DA:37,0
DA:39,0
DA:46,1
DA:47,2
DA:48,2
DA:49,2
DA:50,2
DA:51,1
DA:52,1
DA:54,1
DA:60,1
DA:61,2
DA:62,2
DA:63,2
DA:64,2
DA:65,1
DA:66,1
DA:68,1
DA:74,1
DA:75,2
DA:76,2
DA:77,2
DA:78,2
DA:79,1
DA:80,1
DA:82,1
DA:88,1
DA:89,2
DA:90,2
DA:91,2
DA:92,2
DA:93,1
DA:94,1
DA:96,1
DA:102,1
DA:103,2
DA:104,2
DA:106,2
DA:110,2
DA:111,2
DA:112,1
DA:113,1
DA:115,1
DA:122,1
DA:123,2
DA:124,2
DA:125,2
DA:128,2
DA:129,0
DA:130,0
DA:131,0
DA:132,0
DA:134,0
DA:135,0
DA:139,0
DA:140,0
DA:141,0
DA:146,1
DA:147,1
DA:155,1
LF:77
LH:58
BRDA:31,0,0,0
BRDA:31,0,1,0
BRDA:34,1,0,0
BRDA:34,1,1,0
BRDA:50,2,0,1
BRDA:50,2,1,1
BRDA:64,3,0,1
BRDA:64,3,1,1
BRDA:78,4,0,1
BRDA:78,4,1,1
BRDA:92,5,0,1
BRDA:92,5,1,1
BRDA:111,6,0,1
BRDA:111,6,1,1
BRDA:130,7,0,0
BRDA:130,7,1,0
BRF:16
BRH:10
end_of_record
